D:\MY CODES IN C++\OOP COURSE 10\DATE LIBRARY PROJECT\DATE LIBRARY PROJECT\DEBUG\VC110.PDB
D:\MY CODES IN C++\OOP COURSE 10\DATE LIBRARY PROJECT\DATE LIBRARY PROJECT\DEBUG\SOURCE.OBJ
D:\MY CODES IN C++\OOP COURSE 10\DATE LIBRARY PROJECT\DEBUG\DATE LIBRARY PROJECT.ILK
D:\MY CODES IN C++\OOP COURSE 10\DATE LIBRARY PROJECT\DEBUG\DATE LIBRARY PROJECT.EXE
D:\MY CODES IN C++\OOP COURSE 10\DATE LIBRARY PROJECT\DEBUG\DATE LIBRARY PROJECT.PDB
D:\My codes in c++\OOP course 10\Date Library project\Date Library project\Debug\Source.obj
D:\My codes in c++\OOP course 10\Date Library project\Date Library project\Debug\cl.command.1.tlog
D:\My codes in c++\OOP course 10\Date Library project\Date Library project\Debug\CL.read.1.tlog
D:\My codes in c++\OOP course 10\Date Library project\Date Library project\Debug\CL.write.1.tlog
D:\My codes in c++\OOP course 10\Date Library project\Date Library project\Debug\link-cvtres.read.1.tlog
D:\My codes in c++\OOP course 10\Date Library project\Date Library project\Debug\link-cvtres.write.1.tlog
D:\My codes in c++\OOP course 10\Date Library project\Date Library project\Debug\link-rc.read.1.tlog
D:\My codes in c++\OOP course 10\Date Library project\Date Library project\Debug\link-rc.write.1.tlog
D:\My codes in c++\OOP course 10\Date Library project\Date Library project\Debug\link.13180-cvtres.read.1.tlog
D:\My codes in c++\OOP course 10\Date Library project\Date Library project\Debug\link.13180-cvtres.write.1.tlog
D:\My codes in c++\OOP course 10\Date Library project\Date Library project\Debug\link.13180-rc.read.1.tlog
D:\My codes in c++\OOP course 10\Date Library project\Date Library project\Debug\link.13180-rc.write.1.tlog
D:\My codes in c++\OOP course 10\Date Library project\Date Library project\Debug\link.13180.read.1.tlog
D:\My codes in c++\OOP course 10\Date Library project\Date Library project\Debug\link.13180.write.1.tlog
D:\My codes in c++\OOP course 10\Date Library project\Date Library project\Debug\link.14176-cvtres.read.1.tlog
D:\My codes in c++\OOP course 10\Date Library project\Date Library project\Debug\link.14176-cvtres.write.1.tlog
D:\My codes in c++\OOP course 10\Date Library project\Date Library project\Debug\link.14176-rc.read.1.tlog
D:\My codes in c++\OOP course 10\Date Library project\Date Library project\Debug\link.14176-rc.write.1.tlog
D:\My codes in c++\OOP course 10\Date Library project\Date Library project\Debug\link.14176.read.1.tlog
D:\My codes in c++\OOP course 10\Date Library project\Date Library project\Debug\link.14176.write.1.tlog
D:\My codes in c++\OOP course 10\Date Library project\Date Library project\Debug\link.7364-cvtres.read.1.tlog
D:\My codes in c++\OOP course 10\Date Library project\Date Library project\Debug\link.7364-cvtres.write.1.tlog
D:\My codes in c++\OOP course 10\Date Library project\Date Library project\Debug\link.7364-rc.read.1.tlog
D:\My codes in c++\OOP course 10\Date Library project\Date Library project\Debug\link.7364-rc.write.1.tlog
D:\My codes in c++\OOP course 10\Date Library project\Date Library project\Debug\link.7364.read.1.tlog
D:\My codes in c++\OOP course 10\Date Library project\Date Library project\Debug\link.7364.write.1.tlog
D:\My codes in c++\OOP course 10\Date Library project\Date Library project\Debug\link.command.1.tlog
D:\My codes in c++\OOP course 10\Date Library project\Date Library project\Debug\link.read.1.tlog
D:\My codes in c++\OOP course 10\Date Library project\Date Library project\Debug\link.write.1.tlog
D:\My codes in c++\OOP course 10\Date Library project\Date Library project\Debug\vc110.idb
D:\My codes in c++\OOP course 10\Date Library project\Date Library project\Debug\vc110.pdb
D:\My codes in c++\OOP course 10\Date Library project\Debug\Date Library project.pdb
D:\My codes in c++\OOP course 10\Date Library project\Debug\Date Library project.exe
D:\My codes in c++\OOP course 10\Date Library project\Debug\Date Library project.ilk
